
-KVOOPE 6 # Time: 14:35:34 # File Len = 6058835
-KVOOPE 6 # Time: 14:35:55 # c:\Users\dschwa8\Documents\CA SiteMinder 12 52 SP1-ENU\Bookshelf_Files\PDF\siteminder_java_dev_enu.pdf
-KVOOPE 6 # Time: 14:36:05 # File Len = 7474594
-KVOOPE 6 # Time: 14:36:18 # c:\Users\dschwa8\Documents\CA SiteMinder 12 52 SP1-ENU\Bookshelf_Files\PDF\siteminder_ps_upgrade_enu.pdf
-KVOOPE 6 # Time: 14:36:20 # File Len = 407328
-KVOOPE 6 # Time: 14:36:21 # c:\Users\dschwa8\Documents\CA SiteMinder 12 52 SP1-ENU\Bookshelf_Files\PDF\siteminder_sdk_overview_enu.pdf
-KVOOPE 6 # Time: 14:36:51 # c:\Users\dschwa8\Documents\CA SiteMinder 12 52 SP1-ENU\Bookshelf_Files\PDF\wss_agent_for_apache_enu.pdf
-KVOOPE 6 # Time: 14:36:52 # File Len = 1316876
-KVOOPE 6 # Time: 14:36:53 # c:\Users\dschwa8\Documents\CA SiteMinder 12 52 SP1-ENU\Bookshelf_Files\PDF\wss_agent_for_iis_enu.pdf
-KVOOPE 6 # Time: 14:36:55 # File Len = 1201354
-KVOOPE 6 # Time: 14:36:56 # c:\Users\dschwa8\Documents\CA SiteMinder 12 52 SP1-ENU\Bookshelf_Files\PDF\wss_agent_for_iplanet_enu.pdf
-KVOOPE 6 # Time: 14:36:58 # File Len = 583672
-KVOOPE 6 # Time: 14:37:02 # c:\Users\dschwa8\Documents\CA SiteMinder 12 52 SP1-ENU\Bookshelf_Files\PDF\wss_upgrade_enu.pdf
-KVOOPE 6 # Time: 14:39:38 # c:\Users\dschwa8\Documents\My Books\OReilly-ChatOps-Managing-Operations-with-Group-Chat-web.pdf
-KVOOPE 6 # Time: 14:58:50 # c:\Users\dschwa8\Documents\Siteminder_Vulnerability_Search_by_Bulk_IP_List_2.27.2017.xls
-KVOOPE 6 # Time: 14:59:23 # c:\Users\dschwa8\Documents\Vulnerability_Search_by_Bulk_IP_List_2.27.2017.xls
-KVOOPE 6 # Time: 15:05:04 # c:\Users\dschwa8\Downloads\Jade-Colossus-Preview-2017-06-29_595fcf3690722.pdf
-KVOOPE 6 # Time: 15:05:05 # File Len = 125127
-KVOOPE 6 # Time: 15:57:42 # c:\Users\dschwa8\jbossds\studio\features\org.eclipse.mylyn.versions_1.12.0.v20160421-1824\META-INF\MANIFEST.MF
-KVOOPE 6 # Time: 09:28:07 # c:\Users\dschwa8\Documents\CA SiteMinder 12 52 SP1-ENU\Bookshelf_Files\PDF\wss_agent_for_iplanet_enu.pdf
-KVOOPE 4 # Time: 10:53:09 # C:\Program Files\Manufacturer\Endpoint Agent\temp/buffer\1442\124
-KVOOPE 4 # Time: 10:53:09 # C:\Program Files\Manufacturer\Endpoint Agent\temp/buffer\1442\124
-KVOOPE 6 # Time: 11:13:38 # c:\Users\dschwa8\workspace\.metadata\.plugins\org.eclipse.e4.workbench\workbench.xmi